2026-02-24 18:40:22,889 - INFO - Scheduler started
2026-02-24 18:40:22,890 - INFO - ==================================================
2026-02-24 18:40:22,890 - INFO - 🤖 ПРОВЕРКА ПОДКЛЮЧЕНИЯ...
2026-02-24 18:40:22,890 - INFO - ==================================================
2026-02-24 18:40:23,424 - INFO - ✅ Бот подключён: @KRayzena_bot
2026-02-24 18:40:23,425 - INFO - 📛 Имя бота: Бои КР
2026-02-24 18:40:23,425 - INFO - 🆔 ID бота: 8766706568
2026-02-24 18:40:23,921 - INFO - ✅ Команды зарегистрированы в Telegram
2026-02-24 18:40:23,921 - INFO - ==================================================
2026-02-24 18:40:23,922 - INFO - 📛 Организатор: @Kitenokowo13
2026-02-24 18:40:23,922 - INFO - 🧪 Тестировщик: @angel_zam
2026-02-24 18:40:23,922 - INFO - ==================================================
2026-02-24 18:40:23,922 - INFO - ✅ БОТ ГОТОВ К РАБОТЕ!
2026-02-24 18:40:23,922 - INFO - ==================================================
2026-02-24 18:41:24,038 - INFO - 🎮 Попытка создания игры в чате 960425748 от 960425748
2026-02-24 18:46:03,596 - INFO - 🧪 Попытка включения test_mode от 960425748 (@angel_zam)
2026-02-24 18:46:05,713 - INFO - 🧪 Test_mode ✅ ВКЛЮЧЕН
2026-02-24 18:46:15,177 - INFO - 📥 Команда /start от пользователя 960425748 (@angel_zam)
2026-02-24 18:46:16,055 - INFO - ✅ Тестировщик зарегистрирован: 960425748
2026-02-24 18:46:16,682 - INFO - ✅ Ответ отправлен пользователю 960425748
2026-02-24 18:49:24,227 - INFO - 🎯 Попытка solo теста от 960425748
2026-02-24 18:49:24,229 - INFO - ✅ Solo тест создан в чате -1003611436256
2026-02-24 18:49:25,372 - ERROR - Infinity polling exception: name 'show_location_selection' is not defined
2026-02-24 18:49:25,392 - ERROR - Exception traceback:
Traceback (most recent call last):
  File "C:\Users\User\AppData\Local\Programs\Python\Python314\Lib\site-packages\telebot\__init__.py", line 1110, in infinity_polling
    self.polling(non_stop=True, timeout=timeout, long_polling_timeout=long_polling_timeout,
    ~~~~~~~~~~~~^^^^^^^^^^^^^^^^^^^^^^^^^^^^^^^^^^^^^^^^^^^^^^^^^^^^^^^^^^^^^^^^^^^^^^^^^^^
                 logger_level=logger_level, allowed_updates=allowed_updates, restart_on_change=False,
                 ^^^^^^^^^^^^^^^^^^^^^^^^^^^^^^^^^^^^^^^^^^^^^^^^^^^^^^^^^^^^^^^^^^^^^^^^^^^^^^^^^^^^
                 *args, **kwargs)
                 ^^^^^^^^^^^^^^^^
  File "C:\Users\User\AppData\Local\Programs\Python\Python314\Lib\site-packages\telebot\__init__.py", line 1198, in polling
    self.__threaded_polling(non_stop=non_stop, interval=interval, timeout=timeout, long_polling_timeout=long_polling_timeout,
    ~~~~~~~~~~~~~~~~~~~~~~~^^^^^^^^^^^^^^^^^^^^^^^^^^^^^^^^^^^^^^^^^^^^^^^^^^^^^^^^^^^^^^^^^^^^^^^^^^^^^^^^^^^^^^^^^^^^^^^^^^
                            logger_level=logger_level, allowed_updates=allowed_updates)
                            ^^^^^^^^^^^^^^^^^^^^^^^^^^^^^^^^^^^^^^^^^^^^^^^^^^^^^^^^^^^
  File "C:\Users\User\AppData\Local\Programs\Python\Python314\Lib\site-packages\telebot\__init__.py", line 1273, in __threaded_polling
    raise e
  File "C:\Users\User\AppData\Local\Programs\Python\Python314\Lib\site-packages\telebot\__init__.py", line 1235, in __threaded_polling
    self.worker_pool.raise_exceptions()
    ~~~~~~~~~~~~~~~~~~~~~~~~~~~~~~~~~^^
  File "C:\Users\User\AppData\Local\Programs\Python\Python314\Lib\site-packages\telebot\util.py", line 154, in raise_exceptions
    raise self.exception_info
  File "C:\Users\User\AppData\Local\Programs\Python\Python314\Lib\site-packages\telebot\util.py", line 97, in run
    task(*args, **kwargs)
    ~~~~^^^^^^^^^^^^^^^^^
  File "C:\Users\User\AppData\Local\Programs\Python\Python314\Lib\site-packages\telebot\__init__.py", line 10427, in _run_middlewares_and_handler
    result = handler['function'](message)
  File "c:\Python\1\bot.py", line 616, in test_solo
    show_location_selection(chat_id)
    ^^^^^^^^^^^^^^^^^^^^^^^
NameError: name 'show_location_selection' is not defined

2026-02-24 18:49:54,717 - INFO - 🎮 Попытка создания игры в чате -1003611436256 от 960425748
2026-02-24 18:51:45,600 - ERROR - Ошибка get_user: invalid literal for int() with base 10: 'bot_test'
2026-02-24 18:51:45,601 - ERROR - Ошибка update_user: invalid literal for int() with base 10: 'bot_test'
2026-02-24 18:51:45,602 - ERROR - Ошибка update_user: no such column: battles_spent
2026-02-24 18:51:53,291 - INFO - 🎮 Попытка создания игры в чате -1003611436256 от 960425748
2026-02-24 18:51:53,542 - INFO - ✅ Игра создана в чате -1003611436256
